building the system configuration...
warning: Git tree '/home/user/nixos-config' is dirty
evaluation warning: The default value of `gtk.gtk4.theme` has changed from `config.gtk.theme` to `null`.
                    You are currently using the legacy default (`config.gtk.theme`) because `home.stateVersion` is less than "26.05".
                    To silence this warning and keep legacy behavior, set:
                      gtk.gtk4.theme = config.gtk.theme;
                    To adopt the new default behavior, set:
                      gtk.gtk4.theme = null;
evaluation warning: 'system' has been renamed to/replaced by 'stdenv.hostPlatform.system'
evaluation warning: The xorg package set has been deprecated, 'xorg.libXcursor' has been renamed to 'libxcursor'
evaluation warning: The xorg package set has been deprecated, 'xorg.libX11' has been renamed to 'libx11'
evaluation warning: The xorg package set has been deprecated, 'xorg.libX11' has been renamed to 'libx11'
evaluation warning: The xorg package set has been deprecated, 'xorg.libXrandr' has been renamed to 'libxrandr'
evaluation warning: The xorg package set has been deprecated, 'xorg.libXrender' has been renamed to 'libxrender'
evaluation warning: The xorg package set has been deprecated, 'xorg.libXrender' has been renamed to 'libxrender'
evaluation warning: The xorg package set has been deprecated, 'xorg.libXi' has been renamed to 'libxi'
evaluation warning: The xorg package set has been deprecated, 'xorg.libXi' has been renamed to 'libxi'
evaluation warning: The xorg package set has been deprecated, 'xorg.libXi' has been renamed to 'libxi'
evaluation warning: The xorg package set has been deprecated, 'xorg.libXfixes' has been renamed to 'libxfixes'
evaluation warning: The xorg package set has been deprecated, 'xorg.libXext' has been renamed to 'libxext'
evaluation warning: The xorg package set has been deprecated, 'xorg.libXext' has been renamed to 'libxext'
evaluation warning: The xorg package set has been deprecated, 'xorg.libXext' has been renamed to 'libxext'
evaluation warning: 'system' has been renamed to/replaced by 'stdenv.hostPlatform.system'
evaluation warning: The xorg package set has been deprecated, 'xorg.libXcursor' has been renamed to 'libxcursor'
evaluation warning: The xorg package set has been deprecated, 'xorg.libX11' has been renamed to 'libx11'
evaluation warning: The xorg package set has been deprecated, 'xorg.libXrender' has been renamed to 'libxrender'
evaluation warning: The xorg package set has been deprecated, 'xorg.libXi' has been renamed to 'libxi'
evaluation warning: The xorg package set has been deprecated, 'xorg.libXfixes' has been renamed to 'libxfixes'
evaluation warning: The xorg package set has been deprecated, 'xorg.libXext' has been renamed to 'libxext'
evaluation warning: The xorg package set has been deprecated, 'xorg.libXcursor' has been renamed to 'libxcursor'
evaluation warning: The xorg package set has been deprecated, 'xorg.libX11' has been renamed to 'libx11'
evaluation warning: The xorg package set has been deprecated, 'xorg.libXrender' has been renamed to 'libxrender'
evaluation warning: The xorg package set has been deprecated, 'xorg.libXi' has been renamed to 'libxi'
evaluation warning: The xorg package set has been deprecated, 'xorg.libXfixes' has been renamed to 'libxfixes'
evaluation warning: The xorg package set has been deprecated, 'xorg.libXext' has been renamed to 'libxext'
Done. The new configuration is /nix/store/d7paz7jmms02w9lnfjdmlp92asrgql45-nixos-system-iphone6s-26.05.20260405.68d8aa3
